<?xml version="1.0" encoding="UTF-8"?>
<!-- Generated by org.testng.reporters.JUnitXMLReporter -->
<testsuite ignored="9" hostname="DESKTOP-OB8BAPB" failures="0" tests="4" name="Test" time="0.093" errors="0" timestamp="2023-09-06T15:48:18 IST">
  <testcase classname="com.SpiceJet.utils.SeWrappers" name="@BeforeMethod launchBrowser" time="-1.693995498043E9">
    <failure type="org.testng.TestNGException" message="
Parameter &amp;apos;browser&amp;apos; is required by BeforeMethod on method launchBrowser but has not been marked @Optional or defined
in C:\Users\ashis\eclipse-workspace\com.SpiceJet\SpiceJet.xml">
      <![CDATA[org.testng.TestNGException: 
Parameter 'browser' is required by BeforeMethod on method launchBrowser but has not been marked @Optional or defined
in C:\Users\ashis\eclipse-workspace\com.SpiceJet\SpiceJet.xml
at java.base/java.util.ArrayList.forEach(ArrayList.java:1511)
... Removed 28 stack frames]]>
    </failure>
  </testcase> <!-- @BeforeMethod launchBrowser -->
  <testcase classname="com.SpiceJet.test.RoundTripTest" name="@AfterMethod closeBrowser" time="0.0">
    <skipped/>
  </testcase> <!-- @AfterMethod closeBrowser -->
  <testcase classname="com.SpiceJet.utils.SeWrappers" name="@BeforeMethod launchBrowser" time="-1.693995498073E9">
    <failure type="org.testng.TestNGException" message="
Parameter &amp;apos;browser&amp;apos; is required by BeforeMethod on method launchBrowser but has not been marked @Optional or defined
in C:\Users\ashis\eclipse-workspace\com.SpiceJet\SpiceJet.xml">
      <![CDATA[org.testng.TestNGException: 
Parameter 'browser' is required by BeforeMethod on method launchBrowser but has not been marked @Optional or defined
in C:\Users\ashis\eclipse-workspace\com.SpiceJet\SpiceJet.xml
at java.base/java.util.ArrayList.forEach(ArrayList.java:1511)
... Removed 28 stack frames]]>
    </failure>
  </testcase> <!-- @BeforeMethod launchBrowser -->
  <testcase classname="com.SpiceJet.test.SignUpTest" name="@AfterMethod closeBrowser" time="0.0">
    <skipped/>
  </testcase> <!-- @AfterMethod closeBrowser -->
  <testcase classname="com.SpiceJet.utils.SeWrappers" name="@BeforeMethod launchBrowser" time="-1.693995498082E9">
    <failure type="org.testng.TestNGException" message="
Parameter &amp;apos;browser&amp;apos; is required by BeforeMethod on method launchBrowser but has not been marked @Optional or defined
in C:\Users\ashis\eclipse-workspace\com.SpiceJet\SpiceJet.xml">
      <![CDATA[org.testng.TestNGException: 
Parameter 'browser' is required by BeforeMethod on method launchBrowser but has not been marked @Optional or defined
in C:\Users\ashis\eclipse-workspace\com.SpiceJet\SpiceJet.xml
at java.base/java.util.ArrayList.forEach(ArrayList.java:1511)
... Removed 28 stack frames]]>
    </failure>
  </testcase> <!-- @BeforeMethod launchBrowser -->
  <testcase classname="com.SpiceJet.test.OneWayTest" name="@AfterMethod closeBrowser" time="0.0">
    <skipped/>
  </testcase> <!-- @AfterMethod closeBrowser -->
  <testcase classname="com.SpiceJet.utils.SeWrappers" name="@BeforeMethod launchBrowser" time="-1.693995498091E9">
    <failure type="org.testng.TestNGException" message="
Parameter &amp;apos;browser&amp;apos; is required by BeforeMethod on method launchBrowser but has not been marked @Optional or defined
in C:\Users\ashis\eclipse-workspace\com.SpiceJet\SpiceJet.xml">
      <![CDATA[org.testng.TestNGException: 
Parameter 'browser' is required by BeforeMethod on method launchBrowser but has not been marked @Optional or defined
in C:\Users\ashis\eclipse-workspace\com.SpiceJet\SpiceJet.xml
at java.base/java.util.ArrayList.forEach(ArrayList.java:1511)
... Removed 28 stack frames]]>
    </failure>
  </testcase> <!-- @BeforeMethod launchBrowser -->
  <testcase classname="com.SpiceJet.test.LoginTest" name="@AfterMethod closeBrowser" time="0.0">
    <skipped/>
  </testcase> <!-- @AfterMethod closeBrowser -->
  <testcase classname="com.SpiceJet.utils.SeWrappers" name="@AfterTest closeAllBrowsers" time="0.0">
    <skipped/>
  </testcase> <!-- @AfterTest closeAllBrowsers -->
  <testcase classname="com.SpiceJet.test.RoundTripTest" name="roundTripVali" time="0.0">
    <skipped/>
  </testcase> <!-- roundTripVali -->
  <testcase classname="com.SpiceJet.test.SignUpTest" name="signUpWithValidCredentials" time="0.0">
    <skipped/>
  </testcase> <!-- signUpWithValidCredentials -->
  <testcase classname="com.SpiceJet.test.OneWayTest" name="oneWayTrip" time="0.0">
    <skipped/>
  </testcase> <!-- oneWayTrip -->
  <testcase classname="com.SpiceJet.test.LoginTest" name="loginWithValidCredentials" time="0.0">
    <skipped/>
  </testcase> <!-- loginWithValidCredentials -->
  <testcase classname="com.SpiceJet.utils.Reports" name="@AfterSuite endReport" time="0.0">
    <ignored/>
  </testcase> <!-- @AfterSuite endReport -->
  <testcase classname="com.SpiceJet.utils.SeWrappers" name="@AfterTest closeAllBrowsers" time="0.0">
    <ignored/>
  </testcase> <!-- @AfterTest closeAllBrowsers -->
  <testcase classname="com.SpiceJet.utils.Reports" name="@BeforeSuite startReport" time="0.0">
    <ignored/>
  </testcase> <!-- @BeforeSuite startReport -->
  <testcase classname="com.SpiceJet.utils.SeWrappers" name="@AfterTest closeAllBrowsers" time="0.0">
    <ignored/>
  </testcase> <!-- @AfterTest closeAllBrowsers -->
  <testcase classname="com.SpiceJet.utils.Reports" name="@BeforeSuite startReport" time="0.0">
    <ignored/>
  </testcase> <!-- @BeforeSuite startReport -->
  <testcase classname="com.SpiceJet.utils.Reports" name="@AfterSuite endReport" time="0.0">
    <ignored/>
  </testcase> <!-- @AfterSuite endReport -->
  <testcase classname="com.SpiceJet.utils.Reports" name="@BeforeSuite startReport" time="0.0">
    <ignored/>
  </testcase> <!-- @BeforeSuite startReport -->
  <testcase classname="com.SpiceJet.utils.Reports" name="@AfterSuite endReport" time="0.0">
    <ignored/>
  </testcase> <!-- @AfterSuite endReport -->
  <testcase classname="com.SpiceJet.utils.SeWrappers" name="@AfterTest closeAllBrowsers" time="0.0">
    <ignored/>
  </testcase> <!-- @AfterTest closeAllBrowsers -->
</testsuite> <!-- Test -->
